
Processing D:\workspace\github\KROKI-binaries\Kroki MDE Tool.ci 31.03.2015 21:25:35
Log file: D:\workspace\github\KROKI-binaries\Kroki MDE Tool.log 
Generating Sources... 
Compiling Gentee Sources... 
Build setup file: C:\Users\mrd\Desktop\kroki1.0_-setup.exe 
Adding temporary file(s) to EXE 
C:\Users\mrd\AppData\Local\Temp\gentee01\english.lng 31.03.2015 21:25:36 3810  45.01%
D:\workspace\github\KROKI-binaries\raw\LICENSE.txt 09.07.2014 10:56:57 1137  64.02%
D:\workspace\github\KROKI-binaries\images\kroki-icon.gif 29.03.2015 18:09:22 1029  100.48%
C:\Program Files (x86)\CreateInstall\res\leftimg\uninstall\uninstall - 1.bmp 10.11.2002 10:56:02 20678  28.17%
D:\workspace\github\kroki-binaries\images\kroki-icon.bmp 29.03.2015 17:44:06 16440  27.88%
D:\workspace\github\kroki-binaries\images\back.jpg 29.03.2015 17:44:49 108361  90.38%
Build setup file: C:\Users\mrd\AppData\Local\Temp\gentee01\uninstall.exe 
Adding uninstall file(s) to EXE 
Getting list of files 
Packing files... 
================================ 
D:\workspace\github\KROKI-binaries\raw\KROKI-1.0.jar 31.03.2015 21:25:22 52129354  91.76%
D:\workspace\github\KROKI-binaries\raw\ApplicationRepository\generated\db_config\.gitkeep 24.09.2014 12:50:54 71  107.04%
D:\workspace\github\KROKI-binaries\raw\ApplicationRepository\generated\db_config\hibernate.cfg.xml 31.03.2015 13:14:03 1012  47.92%
D:\workspace\github\KROKI-binaries\raw\ApplicationRepository\generated\model\ejb\Category.xml 31.03.2015 13:14:04 912  37.82%
D:\workspace\github\KROKI-binaries\raw\ApplicationRepository\generated\model\ejb\City.xml 31.03.2015 13:14:04 811  17.63%
D:\workspace\github\KROKI-binaries\raw\ApplicationRepository\generated\model\ejb\Department.xml 31.03.2015 13:14:04 1147  19.00%
D:\workspace\github\KROKI-binaries\raw\ApplicationRepository\generated\model\ejb\Enterprise.xml 31.03.2015 13:14:04 841  16.17%
D:\workspace\github\KROKI-binaries\raw\ApplicationRepository\generated\model\ejb\Invoice.xml 31.03.2015 13:14:04 1214  19.68%
D:\workspace\github\KROKI-binaries\raw\ApplicationRepository\generated\model\ejb\Order.xml 31.03.2015 13:14:04 1392  17.38%
D:\workspace\github\KROKI-binaries\raw\ApplicationRepository\generated\model\ejb\OrderItem.xml 31.03.2015 13:14:04 1639  18.30%
D:\workspace\github\KROKI-binaries\raw\ApplicationRepository\generated\model\ejb\PriceList.xml 31.03.2015 13:14:04 624  20.51%
D:\workspace\github\KROKI-binaries\raw\ApplicationRepository\generated\model\ejb\PriceListItem.xml 31.03.2015 13:14:04 895  16.20%
D:\workspace\github\KROKI-binaries\raw\ApplicationRepository\generated\model\ejb\Product.xml 31.03.2015 13:14:04 1628  16.03%
D:\workspace\github\KROKI-binaries\raw\ApplicationRepository\generated\model\ejb\State.xml 31.03.2015 13:14:04 427  22.01%
D:\workspace\github\KROKI-binaries\raw\ApplicationRepository\generated\model\ejb\Stock.xml 31.03.2015 13:14:04 892  15.02%
D:\workspace\github\KROKI-binaries\raw\ApplicationRepository\generated\model\ejb\StockKeepingUnit.xml 31.03.2015 13:14:04 745  17.18%
D:\workspace\github\KROKI-binaries\raw\ApplicationRepository\generated\model\ejb\Vendor.xml 31.03.2015 13:14:04 821  13.15%
D:\workspace\github\KROKI-binaries\raw\ApplicationRepository\generated\model\panel\.gitkeep 24.09.2014 12:50:54 71  102.81%
D:\workspace\github\KROKI-binaries\raw\ApplicationRepository\generated\model\panel\panel-map.xml 31.03.2015 13:14:04 915  18.57%
D:\workspace\github\KROKI-binaries\raw\ApplicationRepository\generated\model\panel\panel.xml 31.03.2015 13:14:04 4341  15.38%
D:\workspace\github\KROKI-binaries\raw\ApplicationRepository\generated\model\users\.gitkeep 24.09.2014 12:50:54 71  33.80%
D:\workspace\github\KROKI-binaries\raw\ApplicationRepository\generated\model\.gitkeep 24.09.2014 12:50:54 71  30.98%
D:\workspace\github\KROKI-binaries\raw\ApplicationRepository\generated\model\administration-generated.xml 31.03.2015 13:14:09 2171  20.91%
D:\workspace\github\KROKI-binaries\raw\ApplicationRepository\generated\model\enumerations-generated.xml 31.03.2015 13:14:04 240  38.75%
D:\workspace\github\KROKI-binaries\raw\ApplicationRepository\generated\model\menu-generated-default.xml 31.03.2015 13:14:04 3094  17.48%
D:\workspace\github\KROKI-binaries\raw\ApplicationRepository\generated\model\menu.xml 31.03.2015 13:14:04 1579  17.54%
D:\workspace\github\KROKI-binaries\raw\ApplicationRepository\generated\model\xml-mapping.xml 31.03.2015 13:14:04 1097  15.22%
D:\workspace\github\KROKI-binaries\raw\ApplicationRepository\generated\props\.gitkeep 24.09.2014 12:50:54 71  32.39%
D:\workspace\github\KROKI-binaries\raw\ApplicationRepository\generated\props\main.properties 31.03.2015 13:14:09 81  103.70%
D:\workspace\github\KROKI-binaries\raw\ApplicationRepository\static\gui\commons\icons\logo16x16.png 17.06.2014 19:59:33 3485  100.14%
D:\workspace\github\KROKI-binaries\raw\ApplicationRepository\static\gui\commons\icons\logo32x32.png 17.06.2014 19:59:33 5648  100.08%
D:\workspace\github\KROKI-binaries\raw\ApplicationRepository\static\gui\commons\icons\logo64x64.png 17.06.2014 19:59:33 10548  100.04%
D:\workspace\github\KROKI-binaries\raw\ApplicationRepository\static\gui\commons\icons\webMainFrame.png 30.09.2014 15:27:55 17667  100.02%
D:\workspace\github\KROKI-binaries\raw\ApplicationRepository\static\gui\swing\images\add.gif 17.06.2014 19:59:35 947  64.20%
D:\workspace\github\KROKI-binaries\raw\ApplicationRepository\static\gui\swing\images\chain.gif 17.06.2014 19:59:35 185  102.70%
D:\workspace\github\KROKI-binaries\raw\ApplicationRepository\static\gui\swing\images\commit.gif 17.06.2014 19:59:35 925  62.16%
D:\workspace\github\KROKI-binaries\raw\ApplicationRepository\static\gui\swing\images\copy.gif 17.06.2014 19:59:35 976  23.97%
D:\workspace\github\KROKI-binaries\raw\ApplicationRepository\static\gui\swing\images\first.gif 17.06.2014 19:59:35 201  102.48%
D:\workspace\github\KROKI-binaries\raw\ApplicationRepository\static\gui\swing\images\help.gif 17.06.2014 19:59:35 204  102.45%
D:\workspace\github\KROKI-binaries\raw\ApplicationRepository\static\gui\swing\images\insert_to.gif 17.06.2014 19:59:35 404  101.23%
D:\workspace\github\KROKI-binaries\raw\ApplicationRepository\static\gui\swing\images\last.gif 17.06.2014 19:59:35 198  102.52%
D:\workspace\github\KROKI-binaries\raw\ApplicationRepository\static\gui\swing\images\next.gif 17.06.2014 19:59:35 920  62.17%
D:\workspace\github\KROKI-binaries\raw\ApplicationRepository\static\gui\swing\images\prev.gif 17.06.2014 19:59:35 926  18.14%
D:\workspace\github\KROKI-binaries\raw\ApplicationRepository\static\gui\swing\images\refresh.gif 17.06.2014 19:59:35 405  97.77%
D:\workspace\github\KROKI-binaries\raw\ApplicationRepository\static\gui\swing\images\remove.gif 17.06.2014 19:59:35 892  15.69%
D:\workspace\github\KROKI-binaries\raw\ApplicationRepository\static\gui\swing\images\rollback.gif 17.06.2014 19:59:35 946  22.30%
D:\workspace\github\KROKI-binaries\raw\ApplicationRepository\static\gui\swing\images\search.gif 17.06.2014 19:59:35 1026  34.79%
D:\workspace\github\KROKI-binaries\raw\ApplicationRepository\static\gui\swing\images\search2.gif 17.06.2014 19:59:35 995  31.15%
D:\workspace\github\KROKI-binaries\raw\ApplicationRepository\static\gui\swing\images\sheets.gif 17.06.2014 19:59:35 157  103.18%
D:\workspace\github\KROKI-binaries\raw\ApplicationRepository\static\gui\swing\images\update.gif 17.06.2014 19:59:35 944  63.34%
D:\workspace\github\KROKI-binaries\raw\ApplicationRepository\static\gui\swing\images\viewmode1.gif 17.06.2014 19:59:35 947  20.69%
D:\workspace\github\KROKI-binaries\raw\ApplicationRepository\static\gui\swing\images\viewmode2.gif 17.06.2014 19:59:35 394  93.90%
D:\workspace\github\KROKI-binaries\raw\ApplicationRepository\static\gui\swing\images\zoompick.gif 17.06.2014 19:59:35 996  30.42%
D:\workspace\github\KROKI-binaries\raw\ApplicationRepository\static\gui\web\templates\components\checkbox.html 27.10.2014 15:57:26 233  70.38%
D:\workspace\github\KROKI-binaries\raw\ApplicationRepository\static\gui\web\templates\components\combo-box.html 03.10.2014 13:13:39 181  58.56%
D:\workspace\github\KROKI-binaries\raw\ApplicationRepository\static\gui\web\templates\components\date-picker.html 24.09.2014 10:54:18 152  48.02%
D:\workspace\github\KROKI-binaries\raw\ApplicationRepository\static\gui\web\templates\components\text-area.html 28.03.2015 15:29:14 199  40.70%
D:\workspace\github\KROKI-binaries\raw\ApplicationRepository\static\gui\web\templates\components\text-field.html 28.03.2015 15:29:14 197  21.31%
D:\workspace\github\KROKI-binaries\raw\ApplicationRepository\static\gui\web\templates\components\zoom-field.html 11.11.2014 19:01:06 995  36.08%
D:\workspace\github\KROKI-binaries\raw\ApplicationRepository\static\gui\web\templates\pages\editFormTemplate.html 23.09.2014 13:56:43 1334  35.60%
D:\workspace\github\KROKI-binaries\raw\ApplicationRepository\static\gui\web\templates\pages\formTemplate.html 11.11.2014 19:01:06 6851  22.53%
D:\workspace\github\KROKI-binaries\raw\ApplicationRepository\static\gui\web\templates\pages\homepage.html 23.02.2015 15:36:06 1622  44.75%
D:\workspace\github\KROKI-binaries\raw\ApplicationRepository\static\gui\web\templates\pages\login.html 02.09.2014 14:21:09 1372  35.49%
D:\workspace\github\KROKI-binaries\raw\ApplicationRepository\static\gui\web\templates\pages\menu-old.html 03.09.2014 12:21:24 911  32.49%
D:\workspace\github\KROKI-binaries\raw\ApplicationRepository\static\gui\web\templates\pages\menu.html 31.10.2014 20:03:16 1239  31.96%
D:\workspace\github\KROKI-binaries\raw\ApplicationRepository\static\gui\web\templates\pages\panels.JSON 27.10.2014 15:36:36 213  57.74%
D:\workspace\github\KROKI-binaries\raw\ApplicationRepository\static\gui\web\templates\pages\popupTemplate.html 11.09.2014 14:30:42 41  102.43%
D:\workspace\github\KROKI-binaries\raw\ApplicationRepository\static\gui\web\templates\pages\zoomValues.JSON 26.10.2014 18:14:56 215  39.06%
D:\workspace\github\KROKI-binaries\raw\ApplicationRepository\static\gui\web\themes\DefaultTheme\css\jquery-ui.css 11.09.2014 10:40:19 33998  21.43%
D:\workspace\github\KROKI-binaries\raw\ApplicationRepository\static\gui\web\themes\DefaultTheme\css\jquery-ui.theme.css 11.09.2014 10:40:11 17693  6.64%
D:\workspace\github\KROKI-binaries\raw\ApplicationRepository\static\gui\web\themes\DefaultTheme\css\login.css 23.09.2014 13:46:12 2236  29.06%
D:\workspace\github\KROKI-binaries\raw\ApplicationRepository\static\gui\web\themes\DefaultTheme\css\style.css 28.03.2015 15:29:14 13628  22.59%
D:\workspace\github\KROKI-binaries\raw\ApplicationRepository\static\gui\web\themes\DefaultTheme\images\icons\add.png 17.06.2014 19:59:37 4196  15.80%
D:\workspace\github\KROKI-binaries\raw\ApplicationRepository\static\gui\web\themes\DefaultTheme\images\icons\close.png 17.06.2014 19:59:37 4196  16.49%
D:\workspace\github\KROKI-binaries\raw\ApplicationRepository\static\gui\web\themes\DefaultTheme\images\icons\delete.png 19.06.2014 19:10:03 4196  7.36%
D:\workspace\github\KROKI-binaries\raw\ApplicationRepository\static\gui\web\themes\DefaultTheme\images\icons\first.png 17.06.2014 19:59:37 4196  6.91%
D:\workspace\github\KROKI-binaries\raw\ApplicationRepository\static\gui\web\themes\DefaultTheme\images\icons\last.png 17.06.2014 19:59:37 4196  6.19%
D:\workspace\github\KROKI-binaries\raw\ApplicationRepository\static\gui\web\themes\DefaultTheme\images\icons\next-forms.png 19.06.2014 19:10:03 4196  12.36%
D:\workspace\github\KROKI-binaries\raw\ApplicationRepository\static\gui\web\themes\DefaultTheme\images\icons\next.png 17.06.2014 19:59:37 4196  4.76%
D:\workspace\github\KROKI-binaries\raw\ApplicationRepository\static\gui\web\themes\DefaultTheme\images\icons\prev.png 17.06.2014 19:59:37 4196  4.43%
D:\workspace\github\KROKI-binaries\raw\ApplicationRepository\static\gui\web\themes\DefaultTheme\images\icons\refresh.png 17.06.2014 19:59:37 4196  10.98%
D:\workspace\github\KROKI-binaries\raw\ApplicationRepository\static\gui\web\themes\DefaultTheme\images\icons\success.png 20.06.2014 16:00:49 4196  19.28%
D:\workspace\github\KROKI-binaries\raw\ApplicationRepository\static\gui\web\themes\DefaultTheme\images\icons\swich.png 17.06.2014 19:59:37 4196  7.12%
D:\workspace\github\KROKI-binaries\raw\ApplicationRepository\static\gui\web\themes\DefaultTheme\images\icons\warning.png 20.06.2014 16:00:49 4196  13.08%
D:\workspace\github\KROKI-binaries\raw\ApplicationRepository\static\gui\web\themes\DefaultTheme\images\icons-white\add.png 24.06.2014 17:50:43 4196  2.95%
D:\workspace\github\KROKI-binaries\raw\ApplicationRepository\static\gui\web\themes\DefaultTheme\images\icons-white\close.png 24.06.2014 17:50:43 4196  7.19%
D:\workspace\github\KROKI-binaries\raw\ApplicationRepository\static\gui\web\themes\DefaultTheme\images\icons-white\delete.png 24.06.2014 17:50:43 4196  5.98%
D:\workspace\github\KROKI-binaries\raw\ApplicationRepository\static\gui\web\themes\DefaultTheme\images\icons-white\first.png 24.06.2014 17:50:43 4196  6.31%
D:\workspace\github\KROKI-binaries\raw\ApplicationRepository\static\gui\web\themes\DefaultTheme\images\icons-white\last.png 24.06.2014 17:50:43 4196  6.33%
D:\workspace\github\KROKI-binaries\raw\ApplicationRepository\static\gui\web\themes\DefaultTheme\images\icons-white\next-forms.png 24.06.2014 17:50:43 4196  11.55%
D:\workspace\github\KROKI-binaries\raw\ApplicationRepository\static\gui\web\themes\DefaultTheme\images\icons-white\next.png 24.06.2014 17:50:43 4196  3.24%
D:\workspace\github\KROKI-binaries\raw\ApplicationRepository\static\gui\web\themes\DefaultTheme\images\icons-white\operation.png 31.10.2014 20:03:16 2396  12.35%
D:\workspace\github\KROKI-binaries\raw\ApplicationRepository\static\gui\web\themes\DefaultTheme\images\icons-white\prev.png 24.06.2014 17:50:43 4196  2.83%
D:\workspace\github\KROKI-binaries\raw\ApplicationRepository\static\gui\web\themes\DefaultTheme\images\icons-white\refresh.png 24.06.2014 17:50:43 4196  11.89%
D:\workspace\github\KROKI-binaries\raw\ApplicationRepository\static\gui\web\themes\DefaultTheme\images\icons-white\report.png 31.10.2014 20:03:16 2396  9.72%
D:\workspace\github\KROKI-binaries\raw\ApplicationRepository\static\gui\web\themes\DefaultTheme\images\icons-white\swich.png 24.06.2014 17:50:43 4196  6.24%
D:\workspace\github\KROKI-binaries\raw\ApplicationRepository\static\gui\web\themes\DefaultTheme\images\icons-white\zoom-back.png 18.10.2014 18:20:02 4196  8.84%
D:\workspace\github\KROKI-binaries\raw\ApplicationRepository\static\gui\web\themes\DefaultTheme\images\back.png 17.06.2014 19:59:37 733162  100.00%
D:\workspace\github\KROKI-binaries\raw\ApplicationRepository\static\gui\web\themes\DefaultTheme\images\logo32x32.png 17.06.2014 19:59:37 5648  100.08%
D:\workspace\github\KROKI-binaries\raw\ApplicationRepository\static\gui\web\themes\DefaultTheme\images\ui-icons_ffffff_256x240.png 11.09.2014 10:56:28 6299  100.07%
D:\workspace\github\KROKI-binaries\raw\ApplicationRepository\static\gui\web\themes\DefaultTheme\js\jquery-2.0.3.min.js 17.06.2014 19:59:37 83618  38.06%
D:\workspace\github\KROKI-binaries\raw\ApplicationRepository\static\gui\web\themes\DefaultTheme\js\jquery-ui.min.js 14.07.2014 14:27:56 117101  31.39%
D:\workspace\github\KROKI-binaries\raw\ApplicationRepository\static\gui\web\themes\DefaultTheme\js\page.js 23.02.2015 15:36:06 34037  25.58%
D:\workspace\github\KROKI-binaries\raw\ApplicationRepository\static\model\components-desktop.xml 05.09.2014 14:43:00 640  43.28%
D:\workspace\github\KROKI-binaries\raw\ApplicationRepository\static\model\components-web.xml 06.10.2014 12:59:25 982  28.92%
D:\workspace\github\KROKI-binaries\raw\ApplicationRepository\static\model\enumerations.xml 05.09.2014 12:17:31 873  29.89%
D:\workspace\github\KROKI-binaries\raw\ApplicationRepository\static\model\type-component-mappings.xml 06.10.2014 12:48:20 1220  28.68%
D:\workspace\github\KROKI-binaries\raw\ApplicationRepository\static\props\main.properties 23.02.2015 15:36:06 355  65.63%
D:\workspace\github\KROKI-binaries\raw\ApplicationRepository\static\props\messagesform.properties 09.07.2014 10:56:57 458  60.91%
D:\workspace\github\KROKI-binaries\raw\ApplicationRepository\static\props\tagutil.properties 28.03.2015 15:29:14 1625  40.86%
D:\workspace\github\KROKI-binaries\raw\ApplicationRepository\static\props\toolbar.properties 09.07.2014 10:56:57 232  51.29%
D:\workspace\github\KROKI-binaries\raw\libECore\EUISDSLProfile\EUISDSLProfile.profile.uml 09.07.2014 17:47:03 60182  8.99%
D:\workspace\github\KROKI-binaries\raw\libECore\org.eclipse.uml2.uml\model\CMOF.ecore 09.07.2014 17:47:03 204465  11.49%
D:\workspace\github\KROKI-binaries\raw\libECore\org.eclipse.uml2.uml\model\CMOF20.ecore 09.07.2014 17:47:03 151827  10.22%
D:\workspace\github\KROKI-binaries\raw\libECore\org.eclipse.uml2.uml\model\CMOF20_2_UML.ecore2xml 09.07.2014 17:47:03 36203  6.67%
D:\workspace\github\KROKI-binaries\raw\libECore\org.eclipse.uml2.uml\model\CMOF24.ecore 09.07.2014 17:47:03 204465  0.04%
D:\workspace\github\KROKI-binaries\raw\libECore\org.eclipse.uml2.uml\model\CMOF24_2_UML.ecore2xml 09.07.2014 17:47:03 32676  1.50%
D:\workspace\github\KROKI-binaries\raw\libECore\org.eclipse.uml2.uml\model\CMOF_2_UML.ecore2xml 09.07.2014 17:47:03 32676  0.18%
D:\workspace\github\KROKI-binaries\raw\libECore\org.eclipse.uml2.uml\model\UML.ecore 09.07.2014 17:47:03 1262209  9.19%
D:\workspace\github\KROKI-binaries\raw\libECore\org.eclipse.uml2.uml\model\UML.genmodel 09.07.2014 17:47:03 413684  6.84%
D:\workspace\github\KROKI-binaries\raw\libECore\org.eclipse.uml2.uml\model\UML21_2_UML.ecore2xml 09.07.2014 17:47:03 3832  12.96%
D:\workspace\github\KROKI-binaries\raw\libECore\org.eclipse.uml2.uml\model\UML2_2_UML.ecore2xml 09.07.2014 17:47:03 11078  6.62%
D:\workspace\github\KROKI-binaries\raw\libECore\org.eclipse.uml2.uml\model\UML30.ecore 09.07.2014 17:47:03 1200169  9.15%
D:\workspace\github\KROKI-binaries\raw\libECore\org.eclipse.uml2.uml\model\UML30_2_UML.ecore2xml 09.07.2014 17:47:03 3681  19.47%
D:\workspace\github\KROKI-binaries\raw\libECore\org.eclipse.uml2.uml.resources\libraries\EcorePrimitiveTypes.library.properties 09.07.2014 17:47:03 2247  31.10%
D:\workspace\github\KROKI-binaries\raw\libECore\org.eclipse.uml2.uml.resources\libraries\EcorePrimitiveTypes.library.uml 09.07.2014 17:47:03 7035  16.24%
D:\workspace\github\KROKI-binaries\raw\libECore\org.eclipse.uml2.uml.resources\libraries\JavaPrimitiveTypes.library.properties 09.07.2014 17:47:03 819  15.62%
D:\workspace\github\KROKI-binaries\raw\libECore\org.eclipse.uml2.uml.resources\libraries\JavaPrimitiveTypes.library.uml 09.07.2014 17:47:03 1521  8.34%
D:\workspace\github\KROKI-binaries\raw\libECore\org.eclipse.uml2.uml.resources\libraries\UMLPrimitiveTypes.library.properties 09.07.2014 17:47:03 703  14.08%
D:\workspace\github\KROKI-binaries\raw\libECore\org.eclipse.uml2.uml.resources\libraries\UMLPrimitiveTypes.library.uml 09.07.2014 17:47:03 4022  21.50%
D:\workspace\github\KROKI-binaries\raw\libECore\org.eclipse.uml2.uml.resources\libraries\XMLPrimitiveTypes.library.properties 09.07.2014 17:47:03 3373  17.07%
D:\workspace\github\KROKI-binaries\raw\libECore\org.eclipse.uml2.uml.resources\libraries\XMLPrimitiveTypes.library.uml 09.07.2014 17:47:03 10082  9.49%
D:\workspace\github\KROKI-binaries\raw\libECore\org.eclipse.uml2.uml.resources\metamodels\Ecore.metamodel.properties 09.07.2014 17:47:03 10070  19.27%
D:\workspace\github\KROKI-binaries\raw\libECore\org.eclipse.uml2.uml.resources\metamodels\Ecore.metamodel.uml 09.07.2014 17:47:03 98124  9.46%
D:\workspace\github\KROKI-binaries\raw\libECore\org.eclipse.uml2.uml.resources\metamodels\UML.metamodel.properties 09.07.2014 17:47:03 84908  16.14%
D:\workspace\github\KROKI-binaries\raw\libECore\org.eclipse.uml2.uml.resources\metamodels\UML.metamodel.uml 09.07.2014 17:47:03 1514821  13.08%
D:\workspace\github\KROKI-binaries\raw\libECore\org.eclipse.uml2.uml.resources\profiles\Ecore.profile.properties 09.07.2014 17:47:03 5698  26.88%
D:\workspace\github\KROKI-binaries\raw\libECore\org.eclipse.uml2.uml.resources\profiles\Ecore.profile.uml 09.07.2014 17:47:03 135553  8.94%
D:\workspace\github\KROKI-binaries\raw\libECore\org.eclipse.uml2.uml.resources\profiles\StandardL2.profile.properties 09.07.2014 17:47:03 5197  16.83%
D:\workspace\github\KROKI-binaries\raw\libECore\org.eclipse.uml2.uml.resources\profiles\StandardL2.profile.uml 09.07.2014 17:47:03 47184  15.30%
D:\workspace\github\KROKI-binaries\raw\libECore\org.eclipse.uml2.uml.resources\profiles\StandardL3.profile.properties 09.07.2014 17:47:03 949  13.38%
D:\workspace\github\KROKI-binaries\raw\libECore\org.eclipse.uml2.uml.resources\profiles\StandardL3.profile.uml 09.07.2014 17:47:03 5013  13.34%
D:\workspace\github\KROKI-binaries\raw\libECore\org.eclipse.uml2.uml.resources\profiles\UML2.profile.properties 09.07.2014 17:47:03 3229  18.61%
D:\workspace\github\KROKI-binaries\raw\libECore\org.eclipse.uml2.uml.resources\profiles\UML2.profile.uml 09.07.2014 17:47:03 48393  8.90%
D:\workspace\github\KROKI-binaries\raw\icons\kroki-icon.bmp 29.03.2015 17:44:06 16440  27.08%
D:\workspace\github\KROKI-binaries\raw\icons\kroki-icon.gif 29.03.2015 18:09:22 1029  100.48%
D:\workspace\github\KROKI-binaries\raw\icons\kroki-icon.ico 29.03.2015 17:12:59 32038  34.96%
D:\workspace\github\KROKI-binaries\raw\mappings\type-component-mappings.xml 09.07.2014 10:58:41 640  27.96%
D:\workspace\github\KROKI-binaries\raw\templates\database.properties.ftl 09.07.2014 10:58:41 110  90.90%
D:\workspace\github\KROKI-binaries\raw\templates\EJBClass.ftl 09.07.2014 10:58:41 1683  37.07%
D:\workspace\github\KROKI-binaries\raw\templates\enumeration.ftl 09.07.2014 10:58:41 322  57.76%
D:\workspace\github\KROKI-binaries\raw\templates\hibernate.cfg.ftl 09.07.2014 10:58:41 903  42.52%
D:\workspace\github\KROKI-binaries\raw\templates\persistence.ftl 09.07.2014 10:58:41 973  35.04%
D:\workspace\github\KROKI-binaries\raw\templates\persistenceSwing.ftl 09.07.2014 10:58:41 924  21.64%
D:\workspace\github\KROKI-binaries\raw\templates\persistenceWeb.ftl 14.07.2014 14:27:55 1176  16.24%
D:\workspace\github\KROKI-binaries\raw\WebApp\.settings\org.eclipse.jdt.core.prefs 12.08.2014 13:23:58 598  35.78%
D:\workspace\github\KROKI-binaries\raw\WebApp\bin\adapt\aspects\AdministrationAspect.class 30.03.2015 12:53:43 6460  40.09%
D:\workspace\github\KROKI-binaries\raw\WebApp\bin\adapt\aspects\SessionAspect.class 30.03.2015 12:53:43 8384  29.54%
D:\workspace\github\KROKI-binaries\raw\WebApp\bin\adapt\core\AdaptApplication.class 30.03.2015 12:53:43 5080  45.78%
D:\workspace\github\KROKI-binaries\raw\WebApp\bin\adapt\core\AdaptMainFrame.class 30.03.2015 12:53:43 4843  45.57%
D:\workspace\github\KROKI-binaries\raw\WebApp\bin\adapt\core\AdaptMainFrameDevelop$1.class 30.03.2015 12:53:43 1895  37.41%
D:\workspace\github\KROKI-binaries\raw\WebApp\bin\adapt\core\AdaptMainFrameDevelop.class 30.03.2015 12:53:43 6089  46.93%
D:\workspace\github\KROKI-binaries\raw\WebApp\bin\adapt\core\AppCache.class 30.03.2015 12:53:43 5946  35.82%
D:\workspace\github\KROKI-binaries\raw\WebApp\bin\adapt\core\Application.class 30.03.2015 12:53:43 509  37.91%
D:\workspace\github\KROKI-binaries\raw\WebApp\bin\adapt\enumerations\OpenedAs.class 30.03.2015 12:53:43 1326  45.47%
D:\workspace\github\KROKI-binaries\raw\WebApp\bin\adapt\enumerations\OperationType.class 30.03.2015 12:53:43 1388  11.31%
D:\workspace\github\KROKI-binaries\raw\WebApp\bin\adapt\enumerations\PanelType.class 30.03.2015 12:53:43 1362  10.79%
D:\workspace\github\KROKI-binaries\raw\WebApp\bin\adapt\enumerations\StateMode.class 30.03.2015 12:53:43 1333  7.42%
D:\workspace\github\KROKI-binaries\raw\WebApp\bin\adapt\enumerations\ViewMode.class 30.03.2015 12:53:43 1285  26.84%
D:\workspace\github\KROKI-binaries\raw\WebApp\bin\adapt\exceptions\EntityAttributeNotFoundException.class 30.03.2015 12:53:43 549  30.78%
D:\workspace\github\KROKI-binaries\raw\WebApp\bin\adapt\exceptions\GeneratedMenuMissingException.class 30.03.2015 12:53:43 540  14.81%
D:\workspace\github\KROKI-binaries\raw\WebApp\bin\adapt\exceptions\OperationNotFoundException.class 30.03.2015 12:53:43 531  10.73%
D:\workspace\github\KROKI-binaries\raw\WebApp\bin\adapt\exceptions\PanelTypeParsingException.class 30.03.2015 12:53:43 528  10.98%
D:\workspace\github\KROKI-binaries\raw\WebApp\bin\adapt\model\ejb\AbstractAttribute.class 30.03.2015 12:53:43 1266  36.41%
D:\workspace\github\KROKI-binaries\raw\WebApp\bin\adapt\model\ejb\ColumnAttribute.class 30.03.2015 12:53:43 3948  31.78%
D:\workspace\github\KROKI-binaries\raw\WebApp\bin\adapt\model\ejb\EntityBean.class 30.03.2015 12:53:43 2305  31.88%
D:\workspace\github\KROKI-binaries\raw\WebApp\bin\adapt\model\ejb\JoinColumnAttribute.class 30.03.2015 12:53:43 2634  29.76%
D:\workspace\github\KROKI-binaries\raw\WebApp\bin\adapt\model\enumeration\Enumeration.class 30.03.2015 12:53:43 1292  30.57%
D:\workspace\github\KROKI-binaries\raw\WebApp\bin\adapt\model\menu\AdaptMenu.class 30.03.2015 12:53:43 618  29.93%
D:\workspace\github\KROKI-binaries\raw\WebApp\bin\adapt\model\menu\AdaptMenuItem.class 30.03.2015 12:53:43 1316  28.72%
D:\workspace\github\KROKI-binaries\raw\WebApp\bin\adapt\model\menu\AdaptSubMenu.class 30.03.2015 12:53:44 1775  30.02%
D:\workspace\github\KROKI-binaries\raw\WebApp\bin\adapt\model\panel\configuration\operation\Operation.class 30.03.2015 12:53:44 2650  28.83%
D:\workspace\github\KROKI-binaries\raw\WebApp\bin\adapt\model\panel\configuration\operation\Parameter.class 30.03.2015 12:53:44 2366  24.85%
D:\workspace\github\KROKI-binaries\raw\WebApp\bin\adapt\model\panel\configuration\operation\ParameterType.class 30.03.2015 12:53:44 1218  27.75%
D:\workspace\github\KROKI-binaries\raw\WebApp\bin\adapt\model\panel\configuration\operation\SpecificOperations.class 30.03.2015 12:53:44 3002  34.04%
D:\workspace\github\KROKI-binaries\raw\WebApp\bin\adapt\model\panel\configuration\DataSettings.class 30.03.2015 12:53:44 974  30.49%
D:\workspace\github\KROKI-binaries\raw\WebApp\bin\adapt\model\panel\configuration\Next.class 30.03.2015 12:53:44 1430  25.52%
D:\workspace\github\KROKI-binaries\raw\WebApp\bin\adapt\model\panel\configuration\PanelSettings.class 30.03.2015 12:53:44 3335  30.07%
D:\workspace\github\KROKI-binaries\raw\WebApp\bin\adapt\model\panel\configuration\Zoom.class 30.03.2015 12:53:44 977  21.39%
D:\workspace\github\KROKI-binaries\raw\WebApp\bin\adapt\model\panel\AdaptManyToManyPanel.class 30.03.2015 12:53:44 1921  26.75%
D:\workspace\github\KROKI-binaries\raw\WebApp\bin\adapt\model\panel\AdaptPanel.class 30.03.2015 12:53:44 302  25.82%
D:\workspace\github\KROKI-binaries\raw\WebApp\bin\adapt\model\panel\AdaptParentChildPanel.class 30.03.2015 12:53:44 1924  4.78%
D:\workspace\github\KROKI-binaries\raw\WebApp\bin\adapt\model\panel\AdaptStandardPanel.class 30.03.2015 12:53:44 3591  24.53%
D:\workspace\github\KROKI-binaries\raw\WebApp\bin\adapt\model\AbstractElement.class 30.03.2015 12:53:43 1037  31.05%
D:\workspace\github\KROKI-binaries\raw\WebApp\bin\adapt\model\Model.class 30.03.2015 12:53:44 5456  25.67%
D:\workspace\github\KROKI-binaries\raw\WebApp\bin\adapt\resources\AddResource.class 30.03.2015 12:53:44 7152  43.62%
D:\workspace\github\KROKI-binaries\raw\WebApp\bin\adapt\resources\BaseResource.class 30.03.2015 12:53:44 12579  38.81%
D:\workspace\github\KROKI-binaries\raw\WebApp\bin\adapt\resources\DeleteResource.class 30.03.2015 12:53:44 4096  52.05%
D:\workspace\github\KROKI-binaries\raw\WebApp\bin\adapt\resources\GetZoomsResource.class 30.03.2015 12:53:44 3202  29.07%
D:\workspace\github\KROKI-binaries\raw\WebApp\bin\adapt\resources\HomeResource.class 30.03.2015 12:53:44 2555  32.09%
D:\workspace\github\KROKI-binaries\raw\WebApp\bin\adapt\resources\IndexResource.class 30.03.2015 12:53:44 2441  20.81%
D:\workspace\github\KROKI-binaries\raw\WebApp\bin\adapt\resources\ModifyResource.class 30.03.2015 12:53:44 7273  40.47%
D:\workspace\github\KROKI-binaries\raw\WebApp\bin\adapt\resources\ParentChildInfoResource.class 30.03.2015 12:53:44 1977  24.88%
D:\workspace\github\KROKI-binaries\raw\WebApp\bin\adapt\resources\ViewResource.class 30.03.2015 12:53:44 11703  38.69%
D:\workspace\github\KROKI-binaries\raw\WebApp\bin\adapt\util\converters\AbstractConverter.class 30.03.2015 12:53:44 769  33.68%
D:\workspace\github\KROKI-binaries\raw\WebApp\bin\adapt\util\converters\BigDecimalConverter.class 30.03.2015 12:53:44 2073  37.77%
D:\workspace\github\KROKI-binaries\raw\WebApp\bin\adapt\util\converters\BooleanConverter.class 30.03.2015 12:53:44 1872  36.21%
D:\workspace\github\KROKI-binaries\raw\WebApp\bin\adapt\util\converters\ConverterUtil$1.class 30.03.2015 12:53:44 1207  38.35%
D:\workspace\github\KROKI-binaries\raw\WebApp\bin\adapt\util\converters\ConverterUtil.class 30.03.2015 12:53:44 5742  32.16%
D:\workspace\github\KROKI-binaries\raw\WebApp\bin\adapt\util\converters\DateConverter.class 30.03.2015 12:53:44 2108  36.24%
D:\workspace\github\KROKI-binaries\raw\WebApp\bin\adapt\util\converters\IntegerConverter.class 30.03.2015 12:53:44 1811  27.88%
D:\workspace\github\KROKI-binaries\raw\WebApp\bin\adapt\util\converters\LongConverter.class 30.03.2015 12:53:44 1485  24.78%
D:\workspace\github\KROKI-binaries\raw\WebApp\bin\adapt\util\converters\StringConverter.class 30.03.2015 12:53:44 1343  18.54%
D:\workspace\github\KROKI-binaries\raw\WebApp\bin\adapt\util\ejb\EntityHelper.class 30.03.2015 12:53:44 7825  39.76%
D:\workspace\github\KROKI-binaries\raw\WebApp\bin\adapt\util\ejb\PersisenceHelper.class 30.03.2015 12:53:44 1028  33.85%
D:\workspace\github\KROKI-binaries\raw\WebApp\bin\adapt\util\ejb\SchemaGenerator.class 30.03.2015 12:53:44 6141  47.89%
D:\workspace\github\KROKI-binaries\raw\WebApp\bin\adapt\util\html\HTMLToolbarAction.class 30.03.2015 12:53:44 1578  35.80%
D:\workspace\github\KROKI-binaries\raw\WebApp\bin\adapt\util\html\OperationGroup.class 30.03.2015 12:53:44 1377  29.12%
D:\workspace\github\KROKI-binaries\raw\WebApp\bin\adapt\util\html\TableModel.class 30.03.2015 12:53:44 4548  37.35%
D:\workspace\github\KROKI-binaries\raw\WebApp\bin\adapt\util\repository_utils\RepositoryPathsUtil.class 30.03.2015 12:53:44 1704  32.15%
D:\workspace\github\KROKI-binaries\raw\WebApp\bin\adapt\util\resolvers\ComponentTypeResolver.class 30.03.2015 12:53:44 879  37.08%
D:\workspace\github\KROKI-binaries\raw\WebApp\bin\adapt\util\resolvers\PanelTypeResolver.class 30.03.2015 12:53:44 2018  42.41%
D:\workspace\github\KROKI-binaries\raw\WebApp\bin\adapt\util\staticnames\Messages.class 30.03.2015 12:53:44 1307  49.80%
D:\workspace\github\KROKI-binaries\raw\WebApp\bin\adapt\util\staticnames\PropertiesReader.class 30.03.2015 12:53:44 2603  35.34%
D:\workspace\github\KROKI-binaries\raw\WebApp\bin\adapt\util\staticnames\Settings.class 30.03.2015 12:53:44 1774  45.82%
D:\workspace\github\KROKI-binaries\raw\WebApp\bin\adapt\util\staticnames\Tags.class 30.03.2015 12:53:45 4981  50.37%
D:\workspace\github\KROKI-binaries\raw\WebApp\bin\adapt\util\xml_readers\AdministrationSubsystemReader.class 30.03.2015 12:53:45 8897  43.04%
D:\workspace\github\KROKI-binaries\raw\WebApp\bin\adapt\util\xml_readers\EntityReader.class 30.03.2015 12:53:45 9155  43.81%
D:\workspace\github\KROKI-binaries\raw\WebApp\bin\adapt\util\xml_readers\EnumerationReader.class 30.03.2015 12:53:45 3264  37.62%
D:\workspace\github\KROKI-binaries\raw\WebApp\bin\adapt\util\xml_readers\MenuReader.class 30.03.2015 12:53:45 7724  42.89%
D:\workspace\github\KROKI-binaries\raw\WebApp\bin\adapt\util\xml_readers\PanelReader.class 30.03.2015 12:53:45 20456  40.46%
D:\workspace\github\KROKI-binaries\raw\WebApp\bin\adapt\util\xml_readers\TypeComponenMappingReader.class 30.03.2015 12:53:45 4563  38.24%
D:\workspace\github\KROKI-binaries\raw\WebApp\bin\adapt\util\xml_utils\XMLParserUtils.class 30.03.2015 12:53:45 2620  37.67%
D:\workspace\github\KROKI-binaries\raw\WebApp\bin\adapt\util\xml_utils\XMLTypesConverter.class 30.03.2015 12:53:45 1186  34.48%
D:\workspace\github\KROKI-binaries\raw\WebApp\bin\ApplicationRepository\generated\db_config\.gitkeep 30.03.2015 12:53:37 71  88.73%
D:\workspace\github\KROKI-binaries\raw\WebApp\bin\ApplicationRepository\generated\db_config\hibernate.cfg.xml 30.03.2015 12:53:37 1012  44.56%
D:\workspace\github\KROKI-binaries\raw\WebApp\bin\ApplicationRepository\generated\model\ejb\Category.xml 30.03.2015 12:53:37 912  34.53%
D:\workspace\github\KROKI-binaries\raw\WebApp\bin\ApplicationRepository\generated\model\ejb\City.xml 30.03.2015 12:53:37 811  17.26%
D:\workspace\github\KROKI-binaries\raw\WebApp\bin\ApplicationRepository\generated\model\ejb\Department.xml 30.03.2015 12:53:37 1147  15.95%
D:\workspace\github\KROKI-binaries\raw\WebApp\bin\ApplicationRepository\generated\model\ejb\Enterprise.xml 30.03.2015 12:53:37 841  13.91%
D:\workspace\github\KROKI-binaries\raw\WebApp\bin\ApplicationRepository\generated\model\ejb\Invoice.xml 30.03.2015 12:53:37 1214  19.11%
D:\workspace\github\KROKI-binaries\raw\WebApp\bin\ApplicationRepository\generated\model\ejb\Order.xml 30.03.2015 12:53:37 1392  16.09%
D:\workspace\github\KROKI-binaries\raw\WebApp\bin\ApplicationRepository\generated\model\ejb\OrderItem.xml 30.03.2015 12:53:37 1639  16.96%
D:\workspace\github\KROKI-binaries\raw\WebApp\bin\ApplicationRepository\generated\model\ejb\PriceList.xml 30.03.2015 12:53:37 624  19.23%
D:\workspace\github\KROKI-binaries\raw\WebApp\bin\ApplicationRepository\generated\model\ejb\PriceListItem.xml 30.03.2015 12:53:37 895  14.86%
D:\workspace\github\KROKI-binaries\raw\WebApp\bin\ApplicationRepository\generated\model\ejb\Product.xml 30.03.2015 12:53:37 1628  14.61%
D:\workspace\github\KROKI-binaries\raw\WebApp\bin\ApplicationRepository\generated\model\ejb\State.xml 30.03.2015 12:53:37 427  18.50%
D:\workspace\github\KROKI-binaries\raw\WebApp\bin\ApplicationRepository\generated\model\ejb\Stock.xml 30.03.2015 12:53:37 892  14.12%
D:\workspace\github\KROKI-binaries\raw\WebApp\bin\ApplicationRepository\generated\model\ejb\StockKeepingUnit.xml 30.03.2015 12:53:37 745  16.10%
D:\workspace\github\KROKI-binaries\raw\WebApp\bin\ApplicationRepository\generated\model\ejb\Vendor.xml 30.03.2015 12:53:37 821  12.91%
D:\workspace\github\KROKI-binaries\raw\WebApp\bin\ApplicationRepository\generated\model\panel\.gitkeep 30.03.2015 12:53:37 71  33.80%
D:\workspace\github\KROKI-binaries\raw\WebApp\bin\ApplicationRepository\generated\model\panel\panel-map.xml 30.03.2015 12:53:37 915  18.57%
D:\workspace\github\KROKI-binaries\raw\WebApp\bin\ApplicationRepository\generated\model\panel\panel.xml 30.03.2015 12:53:37 4341  13.93%
D:\workspace\github\KROKI-binaries\raw\WebApp\bin\ApplicationRepository\generated\model\users\.gitkeep 30.03.2015 12:53:37 71  35.21%
D:\workspace\github\KROKI-binaries\raw\WebApp\bin\ApplicationRepository\generated\model\.gitkeep 30.03.2015 12:53:37 71  32.39%
D:\workspace\github\KROKI-binaries\raw\WebApp\bin\ApplicationRepository\generated\model\administration-generated.xml 30.03.2015 12:53:37 2171  18.60%
D:\workspace\github\KROKI-binaries\raw\WebApp\bin\ApplicationRepository\generated\model\enumerations-generated.xml 30.03.2015 12:53:37 240  37.08%
D:\workspace\github\KROKI-binaries\raw\WebApp\bin\ApplicationRepository\generated\model\menu-generated-default.xml 30.03.2015 12:53:37 3094  14.77%
D:\workspace\github\KROKI-binaries\raw\WebApp\bin\ApplicationRepository\generated\model\menu.xml 30.03.2015 12:53:37 1579  28.24%
D:\workspace\github\KROKI-binaries\raw\WebApp\bin\ApplicationRepository\generated\model\xml-mapping.xml 30.03.2015 12:53:37 1097  16.95%
D:\workspace\github\KROKI-binaries\raw\WebApp\bin\ApplicationRepository\generated\props\.gitkeep 30.03.2015 12:53:37 71  107.04%
D:\workspace\github\KROKI-binaries\raw\WebApp\bin\ApplicationRepository\generated\props\main.properties 30.03.2015 12:53:37 81  102.46%
D:\workspace\github\KROKI-binaries\raw\WebApp\bin\ApplicationRepository\static\gui\commons\icons\logo16x16.png 30.03.2015 12:53:37 3485  100.14%
D:\workspace\github\KROKI-binaries\raw\WebApp\bin\ApplicationRepository\static\gui\commons\icons\logo32x32.png 30.03.2015 12:53:37 5648  100.08%
D:\workspace\github\KROKI-binaries\raw\WebApp\bin\ApplicationRepository\static\gui\commons\icons\logo64x64.png 30.03.2015 12:53:37 10548  100.04%
D:\workspace\github\KROKI-binaries\raw\WebApp\bin\ApplicationRepository\static\gui\commons\icons\webMainFrame.png 30.03.2015 12:53:37 17667  100.02%
D:\workspace\github\KROKI-binaries\raw\WebApp\bin\ApplicationRepository\static\gui\swing\images\add.gif 30.03.2015 12:53:37 947  64.20%
D:\workspace\github\KROKI-binaries\raw\WebApp\bin\ApplicationRepository\static\gui\swing\images\chain.gif 30.03.2015 12:53:37 185  102.70%
D:\workspace\github\KROKI-binaries\raw\WebApp\bin\ApplicationRepository\static\gui\swing\images\commit.gif 30.03.2015 12:53:37 925  62.16%
D:\workspace\github\KROKI-binaries\raw\WebApp\bin\ApplicationRepository\static\gui\swing\images\copy.gif 30.03.2015 12:53:37 976  23.97%
D:\workspace\github\KROKI-binaries\raw\WebApp\bin\ApplicationRepository\static\gui\swing\images\first.gif 30.03.2015 12:53:37 201  102.48%
D:\workspace\github\KROKI-binaries\raw\WebApp\bin\ApplicationRepository\static\gui\swing\images\help.gif 30.03.2015 12:53:37 204  102.45%
D:\workspace\github\KROKI-binaries\raw\WebApp\bin\ApplicationRepository\static\gui\swing\images\insert_to.gif 30.03.2015 12:53:37 404  101.23%
D:\workspace\github\KROKI-binaries\raw\WebApp\bin\ApplicationRepository\static\gui\swing\images\last.gif 30.03.2015 12:53:37 198  102.52%
D:\workspace\github\KROKI-binaries\raw\WebApp\bin\ApplicationRepository\static\gui\swing\images\next.gif 30.03.2015 12:53:37 920  62.17%
D:\workspace\github\KROKI-binaries\raw\WebApp\bin\ApplicationRepository\static\gui\swing\images\prev.gif 30.03.2015 12:53:37 926  18.14%
D:\workspace\github\KROKI-binaries\raw\WebApp\bin\ApplicationRepository\static\gui\swing\images\refresh.gif 30.03.2015 12:53:37 405  97.77%
D:\workspace\github\KROKI-binaries\raw\WebApp\bin\ApplicationRepository\static\gui\swing\images\remove.gif 30.03.2015 12:53:37 892  15.69%
D:\workspace\github\KROKI-binaries\raw\WebApp\bin\ApplicationRepository\static\gui\swing\images\rollback.gif 30.03.2015 12:53:37 946  22.30%
D:\workspace\github\KROKI-binaries\raw\WebApp\bin\ApplicationRepository\static\gui\swing\images\search.gif 30.03.2015 12:53:37 1026  34.79%
D:\workspace\github\KROKI-binaries\raw\WebApp\bin\ApplicationRepository\static\gui\swing\images\search2.gif 30.03.2015 12:53:37 995  31.15%
D:\workspace\github\KROKI-binaries\raw\WebApp\bin\ApplicationRepository\static\gui\swing\images\sheets.gif 30.03.2015 12:53:37 157  103.18%
D:\workspace\github\KROKI-binaries\raw\WebApp\bin\ApplicationRepository\static\gui\swing\images\update.gif 30.03.2015 12:53:37 944  63.34%
D:\workspace\github\KROKI-binaries\raw\WebApp\bin\ApplicationRepository\static\gui\swing\images\viewmode1.gif 30.03.2015 12:53:37 947  20.69%
D:\workspace\github\KROKI-binaries\raw\WebApp\bin\ApplicationRepository\static\gui\swing\images\viewmode2.gif 30.03.2015 12:53:37 394  93.90%
D:\workspace\github\KROKI-binaries\raw\WebApp\bin\ApplicationRepository\static\gui\swing\images\zoompick.gif 30.03.2015 12:53:37 996  30.42%
D:\workspace\github\KROKI-binaries\raw\WebApp\bin\ApplicationRepository\static\gui\web\templates\components\checkbox.html 30.03.2015 12:53:37 233  70.38%
D:\workspace\github\KROKI-binaries\raw\WebApp\bin\ApplicationRepository\static\gui\web\templates\components\combo-box.html 30.03.2015 12:53:37 181  58.56%
D:\workspace\github\KROKI-binaries\raw\WebApp\bin\ApplicationRepository\static\gui\web\templates\components\date-picker.html 30.03.2015 12:53:37 152  48.02%
D:\workspace\github\KROKI-binaries\raw\WebApp\bin\ApplicationRepository\static\gui\web\templates\components\text-area.html 30.03.2015 12:53:37 199  40.70%
D:\workspace\github\KROKI-binaries\raw\WebApp\bin\ApplicationRepository\static\gui\web\templates\components\text-field.html 30.03.2015 12:53:37 197  21.31%
D:\workspace\github\KROKI-binaries\raw\WebApp\bin\ApplicationRepository\static\gui\web\templates\components\zoom-field.html 30.03.2015 12:53:37 995  36.08%
D:\workspace\github\KROKI-binaries\raw\WebApp\bin\ApplicationRepository\static\gui\web\templates\pages\editFormTemplate.html 30.03.2015 12:53:37 1334  35.60%
D:\workspace\github\KROKI-binaries\raw\WebApp\bin\ApplicationRepository\static\gui\web\templates\pages\formTemplate.html 30.03.2015 12:53:37 6851  22.53%
D:\workspace\github\KROKI-binaries\raw\WebApp\bin\ApplicationRepository\static\gui\web\templates\pages\homepage.html 30.03.2015 12:53:37 1622  40.50%
D:\workspace\github\KROKI-binaries\raw\WebApp\bin\ApplicationRepository\static\gui\web\templates\pages\login.html 30.03.2015 12:53:37 1372  33.81%
D:\workspace\github\KROKI-binaries\raw\WebApp\bin\ApplicationRepository\static\gui\web\templates\pages\menu-old.html 30.03.2015 12:53:37 911  31.06%
D:\workspace\github\KROKI-binaries\raw\WebApp\bin\ApplicationRepository\static\gui\web\templates\pages\menu.html 30.03.2015 12:53:37 1239  30.75%
D:\workspace\github\KROKI-binaries\raw\WebApp\bin\ApplicationRepository\static\gui\web\templates\pages\panels.JSON 30.03.2015 12:53:37 213  54.92%
D:\workspace\github\KROKI-binaries\raw\WebApp\bin\ApplicationRepository\static\gui\web\templates\pages\popupTemplate.html 30.03.2015 12:53:37 41  107.31%
D:\workspace\github\KROKI-binaries\raw\WebApp\bin\ApplicationRepository\static\gui\web\templates\pages\zoomValues.JSON 30.03.2015 12:53:37 215  37.67%
D:\workspace\github\KROKI-binaries\raw\WebApp\bin\ApplicationRepository\static\gui\web\themes\DefaultTheme\css\jquery-ui.css 30.03.2015 12:53:37 33998  21.27%
D:\workspace\github\KROKI-binaries\raw\WebApp\bin\ApplicationRepository\static\gui\web\themes\DefaultTheme\css\jquery-ui.theme.css 30.03.2015 12:53:37 17693  6.29%
D:\workspace\github\KROKI-binaries\raw\WebApp\bin\ApplicationRepository\static\gui\web\themes\DefaultTheme\css\login.css 30.03.2015 12:53:37 2236  28.62%
D:\workspace\github\KROKI-binaries\raw\WebApp\bin\ApplicationRepository\static\gui\web\themes\DefaultTheme\css\style.css 30.03.2015 12:53:37 13628  22.58%
D:\workspace\github\KROKI-binaries\raw\WebApp\bin\ApplicationRepository\static\gui\web\themes\DefaultTheme\images\icons\add.png 30.03.2015 12:53:37 4196  15.84%
D:\workspace\github\KROKI-binaries\raw\WebApp\bin\ApplicationRepository\static\gui\web\themes\DefaultTheme\images\icons\close.png 30.03.2015 12:53:37 4196  16.49%
D:\workspace\github\KROKI-binaries\raw\WebApp\bin\ApplicationRepository\static\gui\web\themes\DefaultTheme\images\icons\delete.png 30.03.2015 12:53:37 4196  7.36%
D:\workspace\github\KROKI-binaries\raw\WebApp\bin\ApplicationRepository\static\gui\web\themes\DefaultTheme\images\icons\first.png 30.03.2015 12:53:37 4196  6.91%
D:\workspace\github\KROKI-binaries\raw\WebApp\bin\ApplicationRepository\static\gui\web\themes\DefaultTheme\images\icons\last.png 30.03.2015 12:53:37 4196  6.19%
D:\workspace\github\KROKI-binaries\raw\WebApp\bin\ApplicationRepository\static\gui\web\themes\DefaultTheme\images\icons\next-forms.png 30.03.2015 12:53:37 4196  12.36%
D:\workspace\github\KROKI-binaries\raw\WebApp\bin\ApplicationRepository\static\gui\web\themes\DefaultTheme\images\icons\next.png 30.03.2015 12:53:37 4196  4.76%
D:\workspace\github\KROKI-binaries\raw\WebApp\bin\ApplicationRepository\static\gui\web\themes\DefaultTheme\images\icons\prev.png 30.03.2015 12:53:37 4196  4.43%
D:\workspace\github\KROKI-binaries\raw\WebApp\bin\ApplicationRepository\static\gui\web\themes\DefaultTheme\images\icons\refresh.png 30.03.2015 12:53:37 4196  10.98%
D:\workspace\github\KROKI-binaries\raw\WebApp\bin\ApplicationRepository\static\gui\web\themes\DefaultTheme\images\icons\success.png 30.03.2015 12:53:37 4196  19.28%
D:\workspace\github\KROKI-binaries\raw\WebApp\bin\ApplicationRepository\static\gui\web\themes\DefaultTheme\images\icons\swich.png 30.03.2015 12:53:37 4196  7.17%
D:\workspace\github\KROKI-binaries\raw\WebApp\bin\ApplicationRepository\static\gui\web\themes\DefaultTheme\images\icons\warning.png 30.03.2015 12:53:37 4196  13.10%
D:\workspace\github\KROKI-binaries\raw\WebApp\bin\ApplicationRepository\static\gui\web\themes\DefaultTheme\images\icons-white\add.png 30.03.2015 12:53:37 4196  3.00%
D:\workspace\github\KROKI-binaries\raw\WebApp\bin\ApplicationRepository\static\gui\web\themes\DefaultTheme\images\icons-white\close.png 30.03.2015 12:53:37 4196  7.19%
D:\workspace\github\KROKI-binaries\raw\WebApp\bin\ApplicationRepository\static\gui\web\themes\DefaultTheme\images\icons-white\delete.png 30.03.2015 12:53:37 4196  7.69%
D:\workspace\github\KROKI-binaries\raw\WebApp\bin\ApplicationRepository\static\gui\web\themes\DefaultTheme\images\icons-white\first.png 30.03.2015 12:53:37 4196  6.55%
D:\workspace\github\KROKI-binaries\raw\WebApp\bin\ApplicationRepository\static\gui\web\themes\DefaultTheme\images\icons-white\last.png 30.03.2015 12:53:37 4196  6.26%
D:\workspace\github\KROKI-binaries\raw\WebApp\bin\ApplicationRepository\static\gui\web\themes\DefaultTheme\images\icons-white\next-forms.png 30.03.2015 12:53:37 4196  11.63%
D:\workspace\github\KROKI-binaries\raw\WebApp\bin\ApplicationRepository\static\gui\web\themes\DefaultTheme\images\icons-white\next.png 30.03.2015 12:53:37 4196  3.24%
D:\workspace\github\KROKI-binaries\raw\WebApp\bin\ApplicationRepository\static\gui\web\themes\DefaultTheme\images\icons-white\operation.png 30.03.2015 12:53:37 2396  12.60%
D:\workspace\github\KROKI-binaries\raw\WebApp\bin\ApplicationRepository\static\gui\web\themes\DefaultTheme\images\icons-white\prev.png 30.03.2015 12:53:37 4196  3.02%
D:\workspace\github\KROKI-binaries\raw\WebApp\bin\ApplicationRepository\static\gui\web\themes\DefaultTheme\images\icons-white\refresh.png 30.03.2015 12:53:37 4196  12.17%
D:\workspace\github\KROKI-binaries\raw\WebApp\bin\ApplicationRepository\static\gui\web\themes\DefaultTheme\images\icons-white\report.png 30.03.2015 12:53:37 2396  9.64%
D:\workspace\github\KROKI-binaries\raw\WebApp\bin\ApplicationRepository\static\gui\web\themes\DefaultTheme\images\icons-white\swich.png 30.03.2015 12:53:37 4196  6.12%
D:\workspace\github\KROKI-binaries\raw\WebApp\bin\ApplicationRepository\static\gui\web\themes\DefaultTheme\images\icons-white\zoom-back.png 30.03.2015 12:53:37 4196  8.98%
D:\workspace\github\KROKI-binaries\raw\WebApp\bin\ApplicationRepository\static\gui\web\themes\DefaultTheme\images\back.png 30.03.2015 12:53:37 733162  100.00%
D:\workspace\github\KROKI-binaries\raw\WebApp\bin\ApplicationRepository\static\gui\web\themes\DefaultTheme\images\logo32x32.png 30.03.2015 12:53:37 5648  100.08%
D:\workspace\github\KROKI-binaries\raw\WebApp\bin\ApplicationRepository\static\gui\web\themes\DefaultTheme\images\ui-icons_ffffff_256x240.png 30.03.2015 12:53:37 6299  100.07%
D:\workspace\github\KROKI-binaries\raw\WebApp\bin\ApplicationRepository\static\gui\web\themes\DefaultTheme\js\jquery-2.0.3.min.js 30.03.2015 12:53:37 83618  38.06%
D:\workspace\github\KROKI-binaries\raw\WebApp\bin\ApplicationRepository\static\gui\web\themes\DefaultTheme\js\jquery-ui.min.js 30.03.2015 12:53:37 117101  31.39%
D:\workspace\github\KROKI-binaries\raw\WebApp\bin\ApplicationRepository\static\gui\web\themes\DefaultTheme\js\page.js 30.03.2015 12:53:38 34037  25.58%
D:\workspace\github\KROKI-binaries\raw\WebApp\bin\ApplicationRepository\static\model\components-desktop.xml 30.03.2015 12:53:38 640  43.28%
D:\workspace\github\KROKI-binaries\raw\WebApp\bin\ApplicationRepository\static\model\components-web.xml 30.03.2015 12:53:38 982  28.92%
D:\workspace\github\KROKI-binaries\raw\WebApp\bin\ApplicationRepository\static\model\enumerations.xml 30.03.2015 12:53:38 873  29.89%
D:\workspace\github\KROKI-binaries\raw\WebApp\bin\ApplicationRepository\static\model\type-component-mappings.xml 30.03.2015 12:53:38 1220  28.68%
D:\workspace\github\KROKI-binaries\raw\WebApp\bin\ApplicationRepository\static\props\main.properties 30.03.2015 12:53:38 355  65.63%
D:\workspace\github\KROKI-binaries\raw\WebApp\bin\ApplicationRepository\static\props\messagesform.properties 30.03.2015 12:53:38 458  60.91%
D:\workspace\github\KROKI-binaries\raw\WebApp\bin\ApplicationRepository\static\props\tagutil.properties 30.03.2015 12:53:38 1625  40.86%
D:\workspace\github\KROKI-binaries\raw\WebApp\bin\ApplicationRepository\static\props\toolbar.properties 30.03.2015 12:53:38 232  51.29%
D:\workspace\github\KROKI-binaries\raw\WebApp\bin\ejb\Action.class 30.03.2015 12:53:45 2600  40.53%
D:\workspace\github\KROKI-binaries\raw\WebApp\bin\ejb\Operation.class 30.03.2015 12:53:45 2712  36.65%
D:\workspace\github\KROKI-binaries\raw\WebApp\bin\ejb\Permission.class 30.03.2015 12:53:45 4177  30.47%
D:\workspace\github\KROKI-binaries\raw\WebApp\bin\ejb\Resource.class 30.03.2015 12:53:45 3176  24.24%
D:\workspace\github\KROKI-binaries\raw\WebApp\bin\ejb\ResourceHierarchy.class 30.03.2015 12:53:45 2402  25.72%
D:\workspace\github\KROKI-binaries\raw\WebApp\bin\ejb\Role.class 30.03.2015 12:53:45 4055  25.57%
D:\workspace\github\KROKI-binaries\raw\WebApp\bin\ejb\RolePermission.class 30.03.2015 12:53:45 2452  23.98%
D:\workspace\github\KROKI-binaries\raw\WebApp\bin\ejb\User.class 30.03.2015 12:53:45 3527  24.92%
D:\workspace\github\KROKI-binaries\raw\WebApp\bin\ejb\UserRoles.class 30.03.2015 12:53:45 2958  26.80%
D:\workspace\github\KROKI-binaries\raw\WebApp\bin\ejb_generated\Category.class 30.03.2015 12:53:45 3314  25.49%
D:\workspace\github\KROKI-binaries\raw\WebApp\bin\ejb_generated\City.class 30.03.2015 12:53:45 4185  22.29%
D:\workspace\github\KROKI-binaries\raw\WebApp\bin\ejb_generated\Department.class 30.03.2015 12:53:45 3230  20.83%
D:\workspace\github\KROKI-binaries\raw\WebApp\bin\ejb_generated\Enterprise.class 30.03.2015 12:53:45 2837  17.20%
D:\workspace\github\KROKI-binaries\raw\WebApp\bin\ejb_generated\Invoice.class 30.03.2015 12:53:45 2906  23.43%
D:\workspace\github\KROKI-binaries\raw\WebApp\bin\ejb_generated\Order.class 30.03.2015 12:53:45 4303  23.47%
D:\workspace\github\KROKI-binaries\raw\WebApp\bin\ejb_generated\OrderItem.class 30.03.2015 12:53:45 3464  24.13%
D:\workspace\github\KROKI-binaries\raw\WebApp\bin\ejb_generated\PriceList.class 30.03.2015 12:53:45 2521  21.65%
D:\workspace\github\KROKI-binaries\raw\WebApp\bin\ejb_generated\PriceListItem.class 30.03.2015 12:53:45 2881  12.98%
D:\workspace\github\KROKI-binaries\raw\WebApp\bin\ejb_generated\Product.class 30.03.2015 12:53:45 4024  21.44%
D:\workspace\github\KROKI-binaries\raw\WebApp\bin\ejb_generated\State.class 30.03.2015 12:53:45 2053  19.97%
D:\workspace\github\KROKI-binaries\raw\WebApp\bin\ejb_generated\Stock.class 30.03.2015 12:53:45 2884  11.26%
D:\workspace\github\KROKI-binaries\raw\WebApp\bin\ejb_generated\StockKeepingUnit.class 30.03.2015 12:53:45 2647  19.07%
D:\workspace\github\KROKI-binaries\raw\WebApp\bin\ejb_generated\Vendor.class 30.03.2015 12:53:45 2772  9.16%
D:\workspace\github\KROKI-binaries\raw\WebApp\etc\META-INF\.gitkeep 31.10.2014 20:03:16 205  73.65%
D:\workspace\github\KROKI-binaries\raw\WebApp\etc\META-INF\persistence.xml 31.03.2015 13:14:03 1285  39.29%
D:\workspace\github\KROKI-binaries\raw\WebApp\etc\log4j.properties 31.10.2014 20:03:16 514  52.14%
D:\workspace\github\KROKI-binaries\raw\WebApp\lib\antlr-2.7.6.jar 17.06.2014 19:59:33 443432  95.15%
D:\workspace\github\KROKI-binaries\raw\WebApp\lib\aspectjtools-old.jar 28.03.2015 15:29:15 8918431  95.20%
D:\workspace\github\KROKI-binaries\raw\WebApp\lib\aspectjtools.jar 28.03.2015 15:29:15 11161980  95.21%
D:\workspace\github\KROKI-binaries\raw\WebApp\lib\com.noelios.restlet.jar 17.06.2014 19:59:36 205887  94.02%
D:\workspace\github\KROKI-binaries\raw\WebApp\lib\commons-collections-3.2.1.jar 17.06.2014 19:59:34 575389  87.84%
D:\workspace\github\KROKI-binaries\raw\WebApp\lib\dom4j-1.6.1.jar 17.06.2014 19:59:34 313898  93.16%
D:\workspace\github\KROKI-binaries\raw\WebApp\lib\freemarker.jar 23.02.2015 15:36:06 1187413  90.33%
D:\workspace\github\KROKI-binaries\raw\WebApp\lib\h2-1.3.170.jar 17.06.2014 19:59:34 1469903  96.51%
D:\workspace\github\KROKI-binaries\raw\WebApp\lib\hibernate-entitymanager.jar 17.06.2014 19:59:34 119292  91.28%
D:\workspace\github\KROKI-binaries\raw\WebApp\lib\hibernate-jpa-2.0-api-1.0.0.Final.jar 17.06.2014 19:59:34 100884  77.29%
D:\workspace\github\KROKI-binaries\raw\WebApp\lib\hibernate-tools.jar 17.06.2014 19:59:34 322763  92.24%
D:\workspace\github\KROKI-binaries\raw\WebApp\lib\hibernate3.jar 17.06.2014 19:59:34 4089101  91.41%
D:\workspace\github\KROKI-binaries\raw\WebApp\lib\javassist.jar 17.06.2014 19:59:35 644931  94.00%
D:\workspace\github\KROKI-binaries\raw\WebApp\lib\jta-1.1.jar 17.06.2014 19:59:35 10899  72.95%
D:\workspace\github\KROKI-binaries\raw\WebApp\lib\org.restlet.ext.freemarker_2.3.jar 17.06.2014 19:59:37 6095  85.34%
D:\workspace\github\KROKI-binaries\raw\WebApp\lib\org.restlet.jar 17.06.2014 19:59:37 249754  94.85%
D:\workspace\github\KROKI-binaries\raw\WebApp\lib\slf4j-api-1.7.2.jar 17.06.2014 19:59:35 26083  87.96%
D:\workspace\github\KROKI-binaries\raw\WebApp\src_gen\adapt\aspects\AdministrationAspect.aj 23.02.2015 15:36:07 2185  43.56%
D:\workspace\github\KROKI-binaries\raw\WebApp\src_gen\adapt\aspects\SessionAspect.aj 03.09.2014 14:46:49 3272  33.74%
D:\workspace\github\KROKI-binaries\raw\WebApp\src_gen\adapt\core\AdaptApplication.java 17.02.2015 15:37:33 4741  29.06%
D:\workspace\github\KROKI-binaries\raw\WebApp\src_gen\adapt\core\AdaptMainFrame.java 28.03.2015 15:29:15 3520  30.08%
D:\workspace\github\KROKI-binaries\raw\WebApp\src_gen\adapt\core\AdaptMainFrameDevelop.java 28.03.2015 15:29:15 5297  27.50%
D:\workspace\github\KROKI-binaries\raw\WebApp\src_gen\adapt\core\AppCache.java 31.10.2014 20:03:16 4310  26.79%
D:\workspace\github\KROKI-binaries\raw\WebApp\src_gen\adapt\core\Application.java 23.02.2015 15:36:07 154  43.50%
D:\workspace\github\KROKI-binaries\raw\WebApp\src_gen\adapt\enumerations\OpenedAs.java 02.09.2014 11:12:45 210  57.14%
D:\workspace\github\KROKI-binaries\raw\WebApp\src_gen\adapt\enumerations\OperationType.java 02.09.2014 11:16:01 279  37.27%
D:\workspace\github\KROKI-binaries\raw\WebApp\src_gen\adapt\enumerations\PanelType.java 02.09.2014 11:19:03 271  36.90%
D:\workspace\github\KROKI-binaries\raw\WebApp\src_gen\adapt\enumerations\StateMode.java 02.09.2014 11:20:33 213  38.02%
D:\workspace\github\KROKI-binaries\raw\WebApp\src_gen\adapt\enumerations\ViewMode.java 02.09.2014 11:11:06 218  33.48%
D:\workspace\github\KROKI-binaries\raw\WebApp\src_gen\adapt\exceptions\EntityAttributeNotFoundException.java 04.09.2014 15:04:19 240  30.41%
D:\workspace\github\KROKI-binaries\raw\WebApp\src_gen\adapt\exceptions\GeneratedMenuMissingException.java 31.10.2014 20:03:16 252  23.01%
D:\workspace\github\KROKI-binaries\raw\WebApp\src_gen\adapt\exceptions\OperationNotFoundException.java 04.09.2014 12:18:00 228  17.54%
D:\workspace\github\KROKI-binaries\raw\WebApp\src_gen\adapt\exceptions\PanelTypeParsingException.java 02.09.2014 12:09:23 226  18.14%
D:\workspace\github\KROKI-binaries\raw\WebApp\src_gen\adapt\model\ejb\AbstractAttribute.java 22.08.2014 12:09:03 658  33.43%
D:\workspace\github\KROKI-binaries\raw\WebApp\src_gen\adapt\model\ejb\ColumnAttribute.java 28.03.2015 15:29:15 2398  24.47%
D:\workspace\github\KROKI-binaries\raw\WebApp\src_gen\adapt\model\ejb\EntityBean.java 22.08.2014 12:26:23 1025  27.02%
D:\workspace\github\KROKI-binaries\raw\WebApp\src_gen\adapt\model\ejb\JoinColumnAttribute.java 22.08.2014 12:22:49 1329  26.56%
D:\workspace\github\KROKI-binaries\raw\WebApp\src_gen\adapt\model\enumeration\Enumeration.java 22.08.2014 12:13:51 609  25.77%
D:\workspace\github\KROKI-binaries\raw\WebApp\src_gen\adapt\model\menu\AdaptMenu.java 31.10.2014 20:03:16 225  38.66%
D:\workspace\github\KROKI-binaries\raw\WebApp\src_gen\adapt\model\menu\AdaptMenuItem.java 31.10.2014 20:03:16 739  25.16%
D:\workspace\github\KROKI-binaries\raw\WebApp\src_gen\adapt\model\menu\AdaptSubMenu.java 31.10.2014 20:03:16 908  24.44%
D:\workspace\github\KROKI-binaries\raw\WebApp\src_gen\adapt\model\panel\configuration\operation\Operation.java 31.10.2014 20:03:16 1284  27.64%
D:\workspace\github\KROKI-binaries\raw\WebApp\src_gen\adapt\model\panel\configuration\operation\Parameter.java 04.09.2014 12:33:06 1175  18.21%
D:\workspace\github\KROKI-binaries\raw\WebApp\src_gen\adapt\model\panel\configuration\operation\ParameterType.java 04.09.2014 12:33:06 104  54.80%
D:\workspace\github\KROKI-binaries\raw\WebApp\src_gen\adapt\model\panel\configuration\operation\SpecificOperations.java 04.09.2014 12:33:06 1275  27.84%
D:\workspace\github\KROKI-binaries\raw\WebApp\src_gen\adapt\model\panel\configuration\DataSettings.java 04.09.2014 12:40:00 412  31.31%
D:\workspace\github\KROKI-binaries\raw\WebApp\src_gen\adapt\model\panel\configuration\Next.java 11.11.2014 19:01:06 878  25.85%
D:\workspace\github\KROKI-binaries\raw\WebApp\src_gen\adapt\model\panel\configuration\PanelSettings.java 04.09.2014 12:46:14 2042  23.21%
D:\workspace\github\KROKI-binaries\raw\WebApp\src_gen\adapt\model\panel\configuration\Zoom.java 04.09.2014 14:33:07 509  25.73%
D:\workspace\github\KROKI-binaries\raw\WebApp\src_gen\adapt\model\panel\AdaptManyToManyPanel.java 04.09.2014 13:07:22 787  30.36%
D:\workspace\github\KROKI-binaries\raw\WebApp\src_gen\adapt\model\panel\AdaptPanel.java 04.09.2014 12:38:53 125  37.60%
D:\workspace\github\KROKI-binaries\raw\WebApp\src_gen\adapt\model\panel\AdaptParentChildPanel.java 04.09.2014 13:05:05 788  7.23%
D:\workspace\github\KROKI-binaries\raw\WebApp\src_gen\adapt\model\panel\AdaptStandardPanel.java 01.10.2014 13:39:13 2118  20.11%
D:\workspace\github\KROKI-binaries\raw\WebApp\src_gen\adapt\model\AbstractElement.java 22.08.2014 12:07:35 528  28.40%
D:\workspace\github\KROKI-binaries\raw\WebApp\src_gen\adapt\model\Model.java 31.10.2014 20:03:16 3721  21.20%
D:\workspace\github\KROKI-binaries\raw\WebApp\src_gen\adapt\resources\AddResource.java 24.09.2014 11:26:22 4630  29.48%
D:\workspace\github\KROKI-binaries\raw\WebApp\src_gen\adapt\resources\BaseResource.java 28.03.2015 15:29:15 9568  25.41%
D:\workspace\github\KROKI-binaries\raw\WebApp\src_gen\adapt\resources\DeleteResource.java 16.09.2014 13:30:41 2243  20.99%
D:\workspace\github\KROKI-binaries\raw\WebApp\src_gen\adapt\resources\GetZoomsResource.java 26.10.2014 19:48:26 2491  16.33%
D:\workspace\github\KROKI-binaries\raw\WebApp\src_gen\adapt\resources\HomeResource.java 09.09.2014 12:14:18 928  20.25%
D:\workspace\github\KROKI-binaries\raw\WebApp\src_gen\adapt\resources\IndexResource.java 11.09.2014 10:31:34 1020  12.54%
D:\workspace\github\KROKI-binaries\raw\WebApp\src_gen\adapt\resources\ModifyResource.java 28.03.2015 15:29:15 5281  17.19%
D:\workspace\github\KROKI-binaries\raw\WebApp\src_gen\adapt\resources\ParentChildInfoResource.java 27.10.2014 15:36:06 1560  18.52%
D:\workspace\github\KROKI-binaries\raw\WebApp\src_gen\adapt\resources\ViewResource.java 23.02.2015 15:36:07 9749  22.77%
D:\workspace\github\KROKI-binaries\raw\WebApp\src_gen\adapt\util\converters\AbstractConverter.java 04.09.2014 15:21:14 433  27.71%
D:\workspace\github\KROKI-binaries\raw\WebApp\src_gen\adapt\util\converters\BigDecimalConverter.java 04.09.2014 15:21:40 1126  27.44%
D:\workspace\github\KROKI-binaries\raw\WebApp\src_gen\adapt\util\converters\BooleanConverter.java 11.09.2014 14:07:54 1200  23.08%
D:\workspace\github\KROKI-binaries\raw\WebApp\src_gen\adapt\util\converters\ConverterUtil.java 24.09.2014 11:12:57 5605  20.00%
D:\workspace\github\KROKI-binaries\raw\WebApp\src_gen\adapt\util\converters\DateConverter.java 04.09.2014 15:22:44 1519  21.92%
D:\workspace\github\KROKI-binaries\raw\WebApp\src_gen\adapt\util\converters\IntegerConverter.java 04.09.2014 15:22:58 822  17.88%
D:\workspace\github\KROKI-binaries\raw\WebApp\src_gen\adapt\util\converters\LongConverter.java 04.09.2014 15:23:20 773  19.27%
D:\workspace\github\KROKI-binaries\raw\WebApp\src_gen\adapt\util\converters\StringConverter.java 04.09.2014 15:23:38 781  11.39%
D:\workspace\github\KROKI-binaries\raw\WebApp\src_gen\adapt\util\ejb\EntityHelper.java 01.10.2014 15:28:50 8400  14.75%
D:\workspace\github\KROKI-binaries\raw\WebApp\src_gen\adapt\util\ejb\PersisenceHelper.java 01.09.2014 14:19:22 568  40.49%
D:\workspace\github\KROKI-binaries\raw\WebApp\src_gen\adapt\util\ejb\SchemaGenerator.java 31.03.2015 09:04:27 4783  38.17%
D:\workspace\github\KROKI-binaries\raw\WebApp\src_gen\adapt\util\html\HTMLToolbarAction.java 23.09.2014 11:29:01 1042  35.79%
D:\workspace\github\KROKI-binaries\raw\WebApp\src_gen\adapt\util\html\OperationGroup.java 31.10.2014 20:03:16 643  33.74%
D:\workspace\github\KROKI-binaries\raw\WebApp\src_gen\adapt\util\html\TableModel.java 24.09.2014 11:14:18 3351  33.54%
D:\workspace\github\KROKI-binaries\raw\WebApp\src_gen\adapt\util\repository_utils\RepositoryPathsUtil.java 29.09.2014 15:07:53 959  25.44%
D:\workspace\github\KROKI-binaries\raw\WebApp\src_gen\adapt\util\resolvers\ComponentTypeResolver.java 15.09.2014 11:49:24 743  45.89%
D:\workspace\github\KROKI-binaries\raw\WebApp\src_gen\adapt\util\resolvers\PanelTypeResolver.java 08.09.2014 14:17:54 1241  30.94%
D:\workspace\github\KROKI-binaries\raw\WebApp\src_gen\adapt\util\staticnames\Messages.java 04.09.2014 12:30:38 1320  27.12%
D:\workspace\github\KROKI-binaries\raw\WebApp\src_gen\adapt\util\staticnames\PropertiesReader.java 17.02.2015 13:24:01 2384  27.39%
D:\workspace\github\KROKI-binaries\raw\WebApp\src_gen\adapt\util\staticnames\Settings.java 23.02.2015 15:36:07 1917  24.62%
D:\workspace\github\KROKI-binaries\raw\WebApp\src_gen\adapt\util\staticnames\Tags.java 28.03.2015 15:29:15 4781  22.77%
D:\workspace\github\KROKI-binaries\raw\WebApp\src_gen\adapt\util\xml_readers\AdministrationSubsystemReader.java 31.10.2014 20:03:16 9642  22.03%
D:\workspace\github\KROKI-binaries\raw\WebApp\src_gen\adapt\util\xml_readers\EntityReader.java 28.03.2015 15:29:15 9751  24.58%
D:\workspace\github\KROKI-binaries\raw\WebApp\src_gen\adapt\util\xml_readers\EnumerationReader.java 05.09.2014 13:43:12 2214  22.76%
D:\workspace\github\KROKI-binaries\raw\WebApp\src_gen\adapt\util\xml_readers\MenuReader.java 17.02.2015 15:13:13 8005  22.89%
D:\workspace\github\KROKI-binaries\raw\WebApp\src_gen\adapt\util\xml_readers\PanelReader.java 11.11.2014 19:01:06 19117  20.54%
D:\workspace\github\KROKI-binaries\raw\WebApp\src_gen\adapt\util\xml_readers\TypeComponenMappingReader.java 11.09.2014 10:43:03 4119  21.84%
D:\workspace\github\KROKI-binaries\raw\WebApp\src_gen\adapt\util\xml_utils\XMLParserUtils.java 17.02.2015 15:10:40 1923  28.49%
D:\workspace\github\KROKI-binaries\raw\WebApp\src_gen\adapt\util\xml_utils\XMLTypesConverter.java 05.09.2014 11:24:07 456  38.81%
D:\workspace\github\KROKI-binaries\raw\WebApp\src_gen\ejb\Action.java 31.10.2014 20:03:16 2688  26.37%
D:\workspace\github\KROKI-binaries\raw\WebApp\src_gen\ejb\Operation.java 31.10.2014 20:03:16 1870  23.95%
D:\workspace\github\KROKI-binaries\raw\WebApp\src_gen\ejb\Permission.java 31.10.2014 20:03:16 3284  17.63%
D:\workspace\github\KROKI-binaries\raw\WebApp\src_gen\ejb\Resource.java 31.10.2014 20:03:16 2391  11.75%
D:\workspace\github\KROKI-binaries\raw\WebApp\src_gen\ejb\ResourceHierarchy.java 31.10.2014 20:03:16 1907  11.58%
D:\workspace\github\KROKI-binaries\raw\WebApp\src_gen\ejb\Role.java 31.10.2014 20:03:16 3138  11.53%
D:\workspace\github\KROKI-binaries\raw\WebApp\src_gen\ejb\RolePermission.java 31.10.2014 20:03:16 1860  13.97%
D:\workspace\github\KROKI-binaries\raw\WebApp\src_gen\ejb\User.java 31.10.2014 20:03:16 2655  14.87%
D:\workspace\github\KROKI-binaries\raw\WebApp\src_gen\ejb\UserRoles.java 31.10.2014 20:03:16 2124  14.35%
D:\workspace\github\KROKI-binaries\raw\WebApp\src_gen\ejb_generated\Category.java 31.03.2015 13:14:04 2932  17.08%
D:\workspace\github\KROKI-binaries\raw\WebApp\src_gen\ejb_generated\City.java 31.03.2015 13:14:04 3361  12.37%
D:\workspace\github\KROKI-binaries\raw\WebApp\src_gen\ejb_generated\Department.java 31.03.2015 13:14:04 2900  10.44%
D:\workspace\github\KROKI-binaries\raw\WebApp\src_gen\ejb_generated\Enterprise.java 31.03.2015 13:14:04 2490  8.63%
D:\workspace\github\KROKI-binaries\raw\WebApp\src_gen\ejb_generated\Invoice.java 31.03.2015 13:14:04 2802  12.74%
D:\workspace\github\KROKI-binaries\raw\WebApp\src_gen\ejb_generated\Order.java 31.03.2015 13:14:04 3780  11.64%
D:\workspace\github\KROKI-binaries\raw\WebApp\src_gen\ejb_generated\OrderItem.java 31.03.2015 13:14:04 3419  11.52%
D:\workspace\github\KROKI-binaries\raw\WebApp\src_gen\ejb_generated\PriceList.java 31.03.2015 13:14:04 2284  10.46%
D:\workspace\github\KROKI-binaries\raw\WebApp\src_gen\ejb_generated\PriceListItem.java 31.03.2015 13:14:04 2571  9.52%
D:\workspace\github\KROKI-binaries\raw\WebApp\src_gen\ejb_generated\Product.java 31.03.2015 13:14:04 3676  10.52%
D:\workspace\github\KROKI-binaries\raw\WebApp\src_gen\ejb_generated\State.java 31.03.2015 13:14:04 1782  7.80%
D:\workspace\github\KROKI-binaries\raw\WebApp\src_gen\ejb_generated\Stock.java 31.03.2015 13:14:04 2575  9.78%
D:\workspace\github\KROKI-binaries\raw\WebApp\src_gen\ejb_generated\StockKeepingUnit.java 31.03.2015 13:14:04 2351  8.63%
D:\workspace\github\KROKI-binaries\raw\WebApp\src_gen\ejb_generated\Vendor.java 31.03.2015 13:14:04 2381  9.19%
D:\workspace\github\KROKI-binaries\raw\WebApp\src_manual\readme.txt 17.02.2015 12:21:49 99  88.88%
D:\workspace\github\KROKI-binaries\raw\WebApp\.classpath 28.03.2015 15:29:15 1479  27.92%
D:\workspace\github\KROKI-binaries\raw\WebApp\.project 23.02.2015 10:52:49 430  37.67%
D:\workspace\github\KROKI-binaries\raw\WebApp\ddl_createDatabase.sql 23.02.2015 13:32:23 3904  16.16%
D:\workspace\github\KROKI-binaries\raw\WebApp\kroki-build.xml 25.09.2014 16:21:59 3692  30.25%
D:\workspace\github\KROKI-binaries\raw\WebApp\run.xml 30.09.2014 10:46:24 197  51.26%
================================ 
All files: 492 [ 88605KB => 76667KB ] 
File Size C:\Users\mrd\Desktop\kroki1.0_-setup.exe: 76907 KB 
Finish Successful 31.03.2015 21:27:12